Character.obj : error LNK2001: неразрешенный внешний символ "__declspec(dllimport) public: static class sf::Color const sf::Color::White" (__imp_?White@Color@sf@@2V12@B).
Character.obj : error LNK2001: неразрешенный внешний символ "__declspec(dllimport) public: void __cdecl sf::Transformable::setPosition(float,float)" (__imp_?setPosition@Transformable@sf@@QEAAXMM@Z).
Character.obj : error LNK2001: неразрешенный внешний символ "__declspec(dllimport) public: void __cdecl sf::Transformable::setPosition(class sf::Vector2<float> const &)" (__imp_?setPosition@Transformable@sf@@QEAAXAEBV?$Vector2@M@2@@Z).
Character.obj : error LNK2001: неразрешенный внешний символ "__declspec(dllimport) public: static class sf::Color const sf::Color::Red" (__imp_?Red@Color@sf@@2V12@B).
Character.obj : error LNK2001: неразрешенный внешний символ "__declspec(dllimport) public: class sf::Rect<float> __cdecl sf::Shape::getGlobalBounds(void)const " (__imp_?getGlobalBounds@Shape@sf@@QEBA?AV?$Rect@M@2@XZ).
Character.obj : error LNK2001: неразрешенный внешний символ "__declspec(dllimport) public: void __cdecl sf::Shape::setFillColor(class sf::Color const &)" (__imp_?setFillColor@Shape@sf@@QEAAXAEBVColor@2@@Z).
Character.obj : error LNK2001: неразрешенный внешний символ "__declspec(dllimport) public: class sf::Vector2<float> const & __cdecl sf::RectangleShape::getSize(void)const " (__imp_?getSize@RectangleShape@sf@@QEBAAEBV?$Vector2@M@2@XZ).
Character.obj : error LNK2001: неразрешенный внешний символ "__declspec(dllimport) public: void __cdecl sf::RectangleShape::setSize(class sf::Vector2<float> const &)" (__imp_?setSize@RectangleShape@sf@@QEAAXAEBV?$Vector2@M@2@@Z).
Character.obj : error LNK2001: неразрешенный внешний символ "__declspec(dllimport) public: __cdecl sf::RectangleShape::RectangleShape(class sf::Vector2<float> const &)" (__imp_??0RectangleShape@sf@@QEAA@AEBV?$Vector2@M@1@@Z).
Character.obj : error LNK2001: неразрешенный внешний символ "__declspec(dllimport) public: __cdecl sf::RectangleShape::RectangleShape(class sf::RectangleShape const &)" (__imp_??0RectangleShape@sf@@QEAA@AEBV01@@Z).
Character.obj : error LNK2001: неразрешенный внешний символ "__declspec(dllimport) public: virtual __cdecl sf::RectangleShape::~RectangleShape(void)" (__imp_??1RectangleShape@sf@@UEAA@XZ).
Enemy.obj : error LNK2001: неразрешенный внешний символ "__declspec(dllimport) public: static class sf::RenderStates const sf::RenderStates::Default" (__imp_?Default@RenderStates@sf@@2V12@B).
Enemy.obj : error LNK2001: неразрешенный внешний символ "__declspec(dllimport) public: static class sf::Color const sf::Color::Green" (__imp_?Green@Color@sf@@2V12@B).
Enemy.obj : error LNK2001: неразрешенный внешний символ "__declspec(dllimport) public: void __cdecl sf::RenderTarget::draw(class sf::Drawable const &,class sf::RenderStates const &)" (__imp_?draw@RenderTarget@sf@@QEAAXAEBVDrawable@2@AEBVRenderStates@2@@Z).
Enemy.obj : error LNK2001: неразрешенный внешний символ "__declspec(dllimport) public: __cdecl sf::Drawable::Drawable(void)" (__imp_??0Drawable@sf@@QEAA@XZ).
Enemy.obj : error LNK2001: неразрешенный внешний символ "__declspec(dllimport) public: virtual __cdecl sf::Drawable::~Drawable(void)" (__imp_??1Drawable@sf@@UEAA@XZ).
Game.obj : error LNK2001: неразрешенный внешний символ "__declspec(dllimport) public: class sf::Time __cdecl sf::Clock::restart(void)" (__imp_?restart@Clock@sf@@QEAA?AVTime@2@XZ).
Game.obj : error LNK2001: неразрешенный внешний символ "__declspec(dllimport) public: class sf::Time __cdecl sf::Clock::getElapsedTime(void)const " (__imp_?getElapsedTime@Clock@sf@@QEBA?AVTime@2@XZ).
Game.obj : error LNK2001: неразрешенный внешний символ "__declspec(dllimport) public: __cdecl sf::Clock::Clock(void)" (__imp_??0Clock@sf@@QEAA@XZ).
Game.obj : error LNK2001: неразрешенный внешний символ "__declspec(dllimport) public: __int64 __cdecl sf::Time::asMicroseconds(void)const " (__imp_?asMicroseconds@Time@sf@@QEBA_JXZ).
Game.obj : error LNK2001: неразрешенный внешний символ "__declspec(dllimport) public: int __cdecl sf::Time::asMilliseconds(void)const " (__imp_?asMilliseconds@Time@sf@@QEBAHXZ).
Game.obj : error LNK2001: неразрешенный внешний символ "__declspec(dllimport) public: virtual __cdecl sf::RenderWindow::~RenderWindow(void)" (__imp_??1RenderWindow@sf@@UEAA@XZ).
Game.obj : error LNK2001: неразрешенный внешний символ "__declspec(dllimport) public: __cdecl sf::RenderWindow::RenderWindow(class sf::VideoMode,class sf::String const &,unsigned int,struct sf::ContextSettings const &)" (__imp_??0RenderWindow@sf@@QEAA@VVideoMode@1@AEBVString@1@IAEBUContextSettings@1@@Z).
Game.obj : error LNK2001: неразрешенный внешний символ "__declspec(dllimport) public: __cdecl sf::Color::Color(unsigned char,unsigned char,unsigned char,unsigned char)" (__imp_??0Color@sf@@QEAA@EEEE@Z).
Game.obj : error LNK2001: неразрешенный внешний символ "__declspec(dllimport) public: void __cdecl sf::Window::display(void)" (__imp_?display@Window@sf@@QEAAXXZ).
Game.obj : error LNK2001: неразрешенный внешний символ "__declspec(dllimport) public: bool __cdecl sf::Window::pollEvent(class sf::Event &)" (__imp_?pollEvent@Window@sf@@QEAA_NAEAVEvent@2@@Z).
Game.obj : error LNK2001: неразрешенный внешний символ "__declspec(dllimport) public: bool __cdecl sf::Window::isOpen(void)const " (__imp_?isOpen@Window@sf@@QEBA_NXZ).
Game.obj : error LNK2001: неразрешенный внешний символ "__declspec(dllimport) public: void __cdecl sf::Window::close(void)" (__imp_?close@Window@sf@@QEAAXXZ).
Game.obj : error LNK2001: неразрешенный внешний символ "__declspec(dllimport) public: void __cdecl sf::Window::create(class sf::VideoMode,class sf::String const &,unsigned int,struct sf::ContextSettings const &)" (__imp_?create@Window@sf@@QEAAXVVideoMode@2@AEBVString@2@IAEBUContextSettings@2@@Z).
Game.obj : error LNK2001: неразрешенный внешний символ "__declspec(dllimport) public: void __cdecl sf::RenderTarget::clear(class sf::Color const &)" (__imp_?clear@RenderTarget@sf@@QEAAXAEBVColor@2@@Z).
    Указание на символы, которые определены и могут подойти:
      "__declspec(dllimport) public: void __cdecl std::basic_ios<char,struct std::char_traits<char> >::clear(int,bool)" (__imp_?clear@?$basic_ios@DU?$char_traits@D@std@@@std@@QEAAXH_N@Z)
Game.obj : error LNK2001: неразрешенный внешний символ "__declspec(dllimport) public: __cdecl sf::String::String(char const *,class std::locale const &)" (__imp_??0String@sf@@QEAA@PEBDAEBVlocale@std@@@Z).
Game.obj : error LNK2001: неразрешенный внешний символ "__declspec(dllimport) public: __cdecl sf::VideoMode::VideoMode(void)" (__imp_??0VideoMode@sf@@QEAA@XZ).
Game.obj : error LNK2001: неразрешенный внешний символ "__declspec(dllimport) public: __cdecl sf::VideoMode::VideoMode(unsigned int,unsigned int,unsigned int)" (__imp_??0VideoMode@sf@@QEAA@III@Z).
Game.obj : error LNK2001: неразрешенный внешний символ "__declspec(dllimport) public: __cdecl sf::Drawable::Drawable(class sf::Drawable const &)" (__imp_??0Drawable@sf@@QEAA@AEBV01@@Z).
Game.obj : error LNK2001: неразрешенный внешний символ "__declspec(dllimport) public: __cdecl sf::RectangleShape::RectangleShape(class sf::RectangleShape &&)" (__imp_??0RectangleShape@sf@@QEAA@$$QEAV01@@Z).
Game.obj : error LNK2001: неразрешенный внешний символ "__declspec(dllimport) public: __cdecl sf::String::~String(void)" (__imp_??1String@sf@@QEAA@XZ).
Game.obj : error LNK2001: неразрешенный внешний символ "__declspec(dllimport) public: virtual __cdecl sf::CircleShape::~CircleShape(void)" (__imp_??1CircleShape@sf@@UEAA@XZ).
Maze.obj : error LNK2001: неразрешенный внешний символ "__declspec(dllimport) public: void __cdecl sf::CircleShape::setRadius(float)" (__imp_?setRadius@CircleShape@sf@@QEAAXM@Z).
Maze.obj : error LNK2001: неразрешенный внешний символ "__declspec(dllimport) public: __cdecl sf::CircleShape::CircleShape(float,unsigned __int64)" (__imp_??0CircleShape@sf@@QEAA@M_K@Z).
Maze.obj : error LNK2001: неразрешенный внешний символ "__declspec(dllimport) public: class sf::Vector2<float> const & __cdecl sf::Transformable::getPosition(void)const " (__imp_?getPosition@Transformable@sf@@QEBAAEBV?$Vector2@M@2@XZ).
Maze.obj : error LNK2001: неразрешенный внешний символ "__declspec(dllimport) public: static class sf::Color const sf::Color::Black" (__imp_?Black@Color@sf@@2V12@B).
Maze.obj : error LNK2001: неразрешенный внешний символ "__declspec(dllimport) private: virtual void __cdecl sf::Shape::draw(class sf::RenderTarget &,class sf::RenderStates)const " (__imp_?draw@Shape@sf@@EEBAXAEAVRenderTarget@2@VRenderStates@2@@Z).
Maze.obj : error LNK2001: неразрешенный внешний символ "__declspec(dllimport) public: virtual class sf::Vector2<float> __cdecl sf::RectangleShape::getPoint(unsigned __int64)const " (__imp_?getPoint@RectangleShape@sf@@UEBA?AV?$Vector2@M@2@_K@Z).
Maze.obj : error LNK2001: неразрешенный внешний символ "__declspec(dllimport) public: virtual unsigned __int64 __cdecl sf::RectangleShape::getPointCount(void)const " (__imp_?getPointCount@RectangleShape@sf@@UEBA_KXZ).
Maze.obj : error LNK2001: неразрешенный внешний символ "__declspec(dllimport) public: static class sf::Color const sf::Color::Blue" (__imp_?Blue@Color@sf@@2V12@B).
Player.obj : error LNK2001: неразрешенный внешний символ "__declspec(dllimport) public: static bool __cdecl sf::Keyboard::isKeyPressed(enum sf::Keyboard::Key)" (__imp_?isKeyPressed@Keyboard@sf@@SA_NW4Key@12@@Z).
D:\Projects\Maze\x64\Release\Maze.exe : fatal error LNK1120: неразрешенных внешних элементов: 46
